<?xml version="1.0" encoding="UTF-8"?>
<!-- Generated by org.testng.reporters.JUnitReportReporter -->
<testsuite skipped="0" hostname="8XN2SJ2" name="TestBase.TestBase" tests="1" failures="0" timestamp="26 Jul 2018 08:42:53 GMT" time="0.028" errors="0">
  <testcase name="ReadProp" time="0.028" classname="TestBase.TestBase"/>
</testsuite> <!-- TestBase.TestBase -->
